Determining if the pthread_create exist failed with the following output:
Change Dir: /home/ema/Scrivania/MBZIRC/build/CMakeFiles/CMakeTmp

Run Build Command:"/usr/bin/make" "cmTC_7c180/fast"
/usr/bin/make -f CMakeFiles/cmTC_7c180.dir/build.make CMakeFiles/cmTC_7c180.dir/build
make[1]: ingresso nella directory "/home/ema/Scrivania/MBZIRC/build/CMakeFiles/CMakeTmp"
Building C object CMakeFiles/cmTC_7c180.dir/CheckSymbolExists.c.o
/usr/bin/cc    -o CMakeFiles/cmTC_7c180.dir/CheckSymbolExists.c.o   -c /home/ema/Scrivania/MBZIRC/build/CMakeFiles/CMakeTmp/CheckSymbolExists.c
Linking C executable cmTC_7c180
/usr/bin/cmake -E cmake_link_script CMakeFiles/cmTC_7c180.dir/link.txt --verbose=1
/usr/bin/cc      -rdynamic CMakeFiles/cmTC_7c180.dir/CheckSymbolExists.c.o  -o cmTC_7c180 
CMakeFiles/cmTC_7c180.dir/CheckSymbolExists.c.o: nella funzione "main":
CheckSymbolExists.c:(.text+0x1b): riferimento non definito a "pthread_create"
collect2: error: ld returned 1 exit status
CMakeFiles/cmTC_7c180.dir/build.make:97: recipe for target 'cmTC_7c180' failed
make[1]: *** [cmTC_7c180] Error 1
make[1]: uscita dalla directory "/home/ema/Scrivania/MBZIRC/build/CMakeFiles/CMakeTmp"
Makefile:126: recipe for target 'cmTC_7c180/fast' failed
make: *** [cmTC_7c180/fast] Error 2

File /home/ema/Scrivania/MBZIRC/build/CMakeFiles/CMakeTmp/CheckSymbolExists.c:
/* */
#include <pthread.h>

int main(int argc, char** argv)
{
  (void)argv;
#ifndef pthread_create
  return ((int*)(&pthread_create))[argc];
#else
  (void)argc;
  return 0;
#endif
}

Determining if the function pthread_create exists in the pthreads failed with the following output:
Change Dir: /home/ema/Scrivania/MBZIRC/build/CMakeFiles/CMakeTmp

Run Build Command:"/usr/bin/make" "cmTC_8d98e/fast"
/usr/bin/make -f CMakeFiles/cmTC_8d98e.dir/build.make CMakeFiles/cmTC_8d98e.dir/build
make[1]: ingresso nella directory "/home/ema/Scrivania/MBZIRC/build/CMakeFiles/CMakeTmp"
Building C object CMakeFiles/cmTC_8d98e.dir/CheckFunctionExists.c.o
/usr/bin/cc   -DCHECK_FUNCTION_EXISTS=pthread_create   -o CMakeFiles/cmTC_8d98e.dir/CheckFunctionExists.c.o   -c /usr/share/cmake-3.10/Modules/CheckFunctionExists.c
Linking C executable cmTC_8d98e
/usr/bin/cmake -E cmake_link_script CMakeFiles/cmTC_8d98e.dir/link.txt --verbose=1
/usr/bin/cc  -DCHECK_FUNCTION_EXISTS=pthread_create    -rdynamic CMakeFiles/cmTC_8d98e.dir/CheckFunctionExists.c.o  -o cmTC_8d98e -lpthreads 
/usr/bin/ld: impossibile trovare -lpthreads
collect2: error: ld returned 1 exit status
CMakeFiles/cmTC_8d98e.dir/build.make:97: recipe for target 'cmTC_8d98e' failed
make[1]: *** [cmTC_8d98e] Error 1
make[1]: uscita dalla directory "/home/ema/Scrivania/MBZIRC/build/CMakeFiles/CMakeTmp"
Makefile:126: recipe for target 'cmTC_8d98e/fast' failed
make: *** [cmTC_8d98e/fast] Error 2


